<?xml version="1.0" encoding="UTF-8"?>
<testng-results skipped="0" failed="1" ignored="0" total="2" passed="1">
  <reporter-output>
  </reporter-output>
  <suite name="Default suite" duration-ms="222229" started-at="2016-12-24T19:47:06Z" finished-at="2016-12-24T19:50:48Z">
    <groups>
      <group name="pagination">
        <method signature="TestaCaixaDeEntrada.testaPagination()[pri:0, instance:TestaCaixaDeEntrada@6d00a15d]" name="testaPagination" class="TestaCaixaDeEntrada"/>
      </group> <!-- pagination -->
      <group name="login">
        <method signature="TestaCaixaDeEntrada.testaLoginSiapcon()[pri:0, instance:TestaCaixaDeEntrada@6d00a15d]" name="testaLoginSiapcon" class="TestaCaixaDeEntrada"/>
      </group> <!-- login -->
    </groups>
    <test name="Default test" duration-ms="222229" started-at="2016-12-24T19:47:06Z" finished-at="2016-12-24T19:50:48Z">
      <class name="TestaCaixaDeEntrada">
        <test-method status="PASS" signature="setUp()[pri:0, instance:TestaCaixaDeEntrada@6d00a15d]" name="setUp" is-config="true" duration-ms="9380" started-at="2016-12-24T17:47:06Z" finished-at="2016-12-24T17:47:15Z">
          <reporter-output>
          </reporter-output>
        </test-method> <!-- setUp -->
        <test-method status="PASS" signature="testaLoginSiapcon()[pri:0, instance:TestaCaixaDeEntrada@6d00a15d]" name="testaLoginSiapcon" duration-ms="6707" started-at="2016-12-24T17:47:15Z" finished-at="2016-12-24T17:47:22Z">
          <reporter-output>
          </reporter-output>
        </test-method> <!-- testaLoginSiapcon -->
        <test-method status="FAIL" signature="testaPagination()[pri:0, instance:TestaCaixaDeEntrada@6d00a15d]" name="testaPagination" duration-ms="203645" depends-on-groups="login" started-at="2016-12-24T17:47:22Z" finished-at="2016-12-24T17:50:46Z">
          <exception class="java.lang.AssertionError">
            <message>
              <![CDATA[Número de processos deveria ser 60 para esta configuração de paginação mas é60]]>
            </message>
            <full-stacktrace>
              <![CDATA[java.lang.AssertionError: Número de processos deveria ser 60 para esta configuração de paginação mas é60
	at org.testng.Assert.fail(Assert.java:94)
	at TestaCaixaDeEntrada.testaPagination(TestaCaixaDeEntrada.java:111)
	at sun.reflect.NativeMethodAccessorImpl.invoke0(Native Method)
	at sun.reflect.NativeMethodAccessorImpl.invoke(Unknown Source)
	at sun.reflect.DelegatingMethodAccessorImpl.invoke(Unknown Source)
	at java.lang.reflect.Method.invoke(Unknown Source)
	at org.testng.internal.MethodInvocationHelper.invokeMethod(MethodInvocationHelper.java:104)
	at org.testng.internal.Invoker.invokeMethod(Invoker.java:645)
	at org.testng.internal.Invoker.invokeTestMethod(Invoker.java:851)
	at org.testng.internal.Invoker.invokeTestMethods(Invoker.java:1177)
	at org.testng.internal.TestMethodWorker.invokeTestMethods(TestMethodWorker.java:129)
	at org.testng.internal.TestMethodWorker.run(TestMethodWorker.java:112)
	at org.testng.TestRunner.privateRun(TestRunner.java:756)
	at org.testng.TestRunner.run(TestRunner.java:610)
	at org.testng.SuiteRunner.runTest(SuiteRunner.java:387)
	at org.testng.SuiteRunner.runSequentially(SuiteRunner.java:382)
	at org.testng.SuiteRunner.privateRun(SuiteRunner.java:340)
	at org.testng.SuiteRunner.run(SuiteRunner.java:289)
	at org.testng.SuiteRunnerWorker.runSuite(SuiteRunnerWorker.java:52)
	at org.testng.SuiteRunnerWorker.run(SuiteRunnerWorker.java:86)
	at org.testng.TestNG.runSuitesSequentially(TestNG.java:1293)
	at org.testng.TestNG.runSuitesLocally(TestNG.java:1218)
	at org.testng.TestNG.runSuites(TestNG.java:1133)
	at org.testng.TestNG.run(TestNG.java:1104)
	at org.testng.remote.AbstractRemoteTestNG.run(AbstractRemoteTestNG.java:132)
	at org.testng.remote.RemoteTestNG.initAndRun(RemoteTestNG.java:236)
	at org.testng.remote.RemoteTestNG.main(RemoteTestNG.java:81)
]]>
            </full-stacktrace>
          </exception> <!-- java.lang.AssertionError -->
          <reporter-output>
          </reporter-output>
        </test-method> <!-- testaPagination -->
        <test-method status="PASS" signature="tearDown()[pri:0, instance:TestaCaixaDeEntrada@6d00a15d]" name="tearDown" is-config="true" duration-ms="2427" depends-on-groups="pagination" started-at="2016-12-24T17:50:46Z" finished-at="2016-12-24T17:50:48Z">
          <reporter-output>
          </reporter-output>
        </test-method> <!-- tearDown -->
      </class> <!-- TestaCaixaDeEntrada -->
    </test> <!-- Default test -->
  </suite> <!-- Default suite -->
</testng-results>
